android/build/intermediates/manifest_merge_blame_file/debug/processDebugManifest/manifest-merger-blame-debug-report.txt
1<?xml version="1.0" encoding="utf-8"?>
2<manifest xmlns:android="http://schemas.android.com/apk/res/android"
3    package="com.ultimatealarm" >
4
5    <uses-sdk android:minSdkVersion="21" />
6
7    <uses-permission android:name="android.permission.SCHEDULE_EXACT_ALARM" />
7-->src\main\AndroidManifest.xml:5:5-79
7-->src\main\AndroidManifest.xml:5:22-76
8    <uses-permission android:name="android.permission.USE_EXACT_ALARM" />
8-->src\main\AndroidManifest.xml:6:5-74
8-->src\main\AndroidManifest.xml:6:22-71
9    <uses-permission android:name="android.permission.WAKE_LOCK" />
9-->src\main\AndroidManifest.xml:7:5-68
9-->src\main\AndroidManifest.xml:7:22-65
10    <uses-permission android:name="android.permission.VIBRATE" />
10-->src\main\AndroidManifest.xml:8:5-66
10-->src\main\AndroidManifest.xml:8:22-63
11    <uses-permission android:name="android.permission.RECEIVE_BOOT_COMPLETED" />
11-->src\main\AndroidManifest.xml:9:5-81
11-->src\main\AndroidManifest.xml:9:22-78
12    <uses-permission android:name="android.permission.POST_NOTIFICATIONS" />
12-->src\main\AndroidManifest.xml:10:5-77
12-->src\main\AndroidManifest.xml:10:22-74
13    <uses-permission android:name="android.permission.USE_FULL_SCREEN_INTENT" />
13-->src\main\AndroidManifest.xml:11:5-81
13-->src\main\AndroidManifest.xml:11:22-78
14
15    <application>
15-->src\main\AndroidManifest.xml:13:5-37:19
16
17        <!-- Alarm Receiver -->
18        <receiver
18-->src\main\AndroidManifest.xml:15:9-18:40
19            android:name="com.ultimatealarm.AlarmReceiver"
19-->src\main\AndroidManifest.xml:16:13-42
20            android:enabled="true"
20-->src\main\AndroidManifest.xml:17:13-35
21            android:exported="false" />
21-->src\main\AndroidManifest.xml:18:13-37
22
23        <!-- Boot Receiver -->
24        <receiver
24-->src\main\AndroidManifest.xml:21:9-29:20
25            android:name="com.ultimatealarm.BootReceiver"
25-->src\main\AndroidManifest.xml:22:13-41
26            android:enabled="true"
26-->src\main\AndroidManifest.xml:23:13-35
27            android:exported="true" >
27-->src\main\AndroidManifest.xml:24:13-36
28            <intent-filter>
28-->src\main\AndroidManifest.xml:25:13-28:29
29                <action android:name="android.intent.action.BOOT_COMPLETED" />
29-->src\main\AndroidManifest.xml:26:17-79
29-->src\main\AndroidManifest.xml:26:25-76
30                <action android:name="android.intent.action.QUICKBOOT_POWERON" />
30-->src\main\AndroidManifest.xml:27:17-82
30-->src\main\AndroidManifest.xml:27:25-79
31            </intent-filter>
32        </receiver>
33
34        <!-- Foreground Service for alarm audio -->
35        <service
35-->src\main\AndroidManifest.xml:32:9-36:61
36            android:name="com.ultimatealarm.AlarmService"
36-->src\main\AndroidManifest.xml:33:13-41
37            android:enabled="true"
37-->src\main\AndroidManifest.xml:34:13-35
38            android:exported="false"
38-->src\main\AndroidManifest.xml:35:13-37
39            android:foregroundServiceType="mediaPlayback" />
39-->src\main\AndroidManifest.xml:36:13-58
40    </application>
41
42</manifest>